<?xml version="1.0" encoding="UTF-8"?>
<testsuite xmlns:xsi="http://www.w3.org/2001/XMLSchema-instance" xsi:noNamespaceSchemaLocation="https://maven.apache.org/surefire/maven-surefire-plugin/xsd/surefire-test-report.xsd" name="io.qameta.allure.examples.cucumber5.CucumberTest" time="1.707" tests="7" errors="1" skipped="0" failures="0">
  <properties>
    <property name="java.specification.version" value="17"/>
    <property name="sun.jnu.encoding" value="UTF-8"/>
    <property name="java.class.path" value="/media/irvanmuhandis/OsmousDisk/PERURI/Testing/qa-java/allure-cucumber5-junit4-maven/target/test-classes:/media/irvanmuhandis/OsmousDisk/PERURI/Testing/qa-java/allure-cucumber5-junit4-maven/target/classes:/home/irvanmuhandis/.m2/repository/io/qameta/allure/allure-cucumber5-jvm/2.13.6/allure-cucumber5-jvm-2.13.6.jar:/home/irvanmuhandis/.m2/repository/io/qameta/allure/allure-java-commons/2.13.6/allure-java-commons-2.13.6.jar:/home/irvanmuhandis/.m2/repository/io/qameta/allure/allure-model/2.13.6/allure-model-2.13.6.jar:/home/irvanmuhandis/.m2/repository/com/fasterxml/jackson/core/jackson-databind/2.11.2/jackson-databind-2.11.2.jar:/home/irvanmuhandis/.m2/repository/com/fasterxml/jackson/core/jackson-annotations/2.11.2/jackson-annotations-2.11.2.jar:/home/irvanmuhandis/.m2/repository/com/fasterxml/jackson/core/jackson-core/2.11.2/jackson-core-2.11.2.jar:/home/irvanmuhandis/.m2/repository/org/apache/tika/tika-core/1.24.1/tika-core-1.24.1.jar:/home/irvanmuhandis/.m2/repository/org/jooq/joor-java-8/0.9.13/joor-java-8-0.9.13.jar:/home/irvanmuhandis/.m2/repository/io/cucumber/gherkin/5.1.0/gherkin-5.1.0.jar:/home/irvanmuhandis/.m2/repository/io/cucumber/gherkin-jvm-deps/1.0.4/gherkin-jvm-deps-1.0.4.jar:/home/irvanmuhandis/.m2/repository/io/cucumber/cucumber-junit/5.7.0/cucumber-junit-5.7.0.jar:/home/irvanmuhandis/.m2/repository/org/apiguardian/apiguardian-api/1.1.0/apiguardian-api-1.1.0.jar:/home/irvanmuhandis/.m2/repository/io/cucumber/cucumber-core/5.7.0/cucumber-core-5.7.0.jar:/home/irvanmuhandis/.m2/repository/io/cucumber/cucumber-gherkin/5.7.0/cucumber-gherkin-5.7.0.jar:/home/irvanmuhandis/.m2/repository/io/cucumber/cucumber-gherkin-vintage/5.7.0/cucumber-gherkin-vintage-5.7.0.jar:/home/irvanmuhandis/.m2/repository/io/cucumber/tag-expressions/2.0.4/tag-expressions-2.0.4.jar:/home/irvanmuhandis/.m2/repository/io/cucumber/cucumber-expressions/8.3.1/cucumber-expressions-8.3.1.jar:/home/irvanmuhandis/.m2/repository/io/cucumber/datatable/3.3.1/datatable-3.3.1.jar:/home/irvanmuhandis/.m2/repository/io/cucumber/cucumber-plugin/5.7.0/cucumber-plugin-5.7.0.jar:/home/irvanmuhandis/.m2/repository/io/cucumber/docstring/5.7.0/docstring-5.7.0.jar:/home/irvanmuhandis/.m2/repository/junit/junit/4.13/junit-4.13.jar:/home/irvanmuhandis/.m2/repository/org/hamcrest/hamcrest-core/1.3/hamcrest-core-1.3.jar:/home/irvanmuhandis/.m2/repository/io/cucumber/cucumber-java/5.7.0/cucumber-java-5.7.0.jar:/home/irvanmuhandis/.m2/repository/org/slf4j/slf4j-simple/1.7.30/slf4j-simple-1.7.30.jar:/home/irvanmuhandis/.m2/repository/org/slf4j/slf4j-api/1.7.30/slf4j-api-1.7.30.jar:"/>
    <property name="java.vm.vendor" value="Debian"/>
    <property name="sun.arch.data.model" value="64"/>
    <property name="java.vendor.url" value="https://tracker.debian.org/openjdk-17"/>
    <property name="os.name" value="Linux"/>
    <property name="java.vm.specification.version" value="17"/>
    <property name="sun.java.launcher" value="SUN_STANDARD"/>
    <property name="user.country" value="US"/>
    <property name="sun.boot.library.path" value="/usr/lib/jvm/java-17-openjdk-amd64/lib"/>
    <property name="sun.java.command" value="/media/irvanmuhandis/OsmousDisk/PERURI/Testing/qa-java/allure-cucumber5-junit4-maven/target/surefire/surefirebooter11082453653841223304.jar /media/irvanmuhandis/OsmousDisk/PERURI/Testing/qa-java/allure-cucumber5-junit4-maven/target/surefire 2024-10-24T06-36-58_625-jvmRun1 surefire13688030488568493736tmp surefire_05461246475458751605tmp"/>
    <property name="jdk.debug" value="release"/>
    <property name="surefire.test.class.path" value="/media/irvanmuhandis/OsmousDisk/PERURI/Testing/qa-java/allure-cucumber5-junit4-maven/target/test-classes:/media/irvanmuhandis/OsmousDisk/PERURI/Testing/qa-java/allure-cucumber5-junit4-maven/target/classes:/home/irvanmuhandis/.m2/repository/io/qameta/allure/allure-cucumber5-jvm/2.13.6/allure-cucumber5-jvm-2.13.6.jar:/home/irvanmuhandis/.m2/repository/io/qameta/allure/allure-java-commons/2.13.6/allure-java-commons-2.13.6.jar:/home/irvanmuhandis/.m2/repository/io/qameta/allure/allure-model/2.13.6/allure-model-2.13.6.jar:/home/irvanmuhandis/.m2/repository/com/fasterxml/jackson/core/jackson-databind/2.11.2/jackson-databind-2.11.2.jar:/home/irvanmuhandis/.m2/repository/com/fasterxml/jackson/core/jackson-annotations/2.11.2/jackson-annotations-2.11.2.jar:/home/irvanmuhandis/.m2/repository/com/fasterxml/jackson/core/jackson-core/2.11.2/jackson-core-2.11.2.jar:/home/irvanmuhandis/.m2/repository/org/apache/tika/tika-core/1.24.1/tika-core-1.24.1.jar:/home/irvanmuhandis/.m2/repository/org/jooq/joor-java-8/0.9.13/joor-java-8-0.9.13.jar:/home/irvanmuhandis/.m2/repository/io/cucumber/gherkin/5.1.0/gherkin-5.1.0.jar:/home/irvanmuhandis/.m2/repository/io/cucumber/gherkin-jvm-deps/1.0.4/gherkin-jvm-deps-1.0.4.jar:/home/irvanmuhandis/.m2/repository/io/cucumber/cucumber-junit/5.7.0/cucumber-junit-5.7.0.jar:/home/irvanmuhandis/.m2/repository/org/apiguardian/apiguardian-api/1.1.0/apiguardian-api-1.1.0.jar:/home/irvanmuhandis/.m2/repository/io/cucumber/cucumber-core/5.7.0/cucumber-core-5.7.0.jar:/home/irvanmuhandis/.m2/repository/io/cucumber/cucumber-gherkin/5.7.0/cucumber-gherkin-5.7.0.jar:/home/irvanmuhandis/.m2/repository/io/cucumber/cucumber-gherkin-vintage/5.7.0/cucumber-gherkin-vintage-5.7.0.jar:/home/irvanmuhandis/.m2/repository/io/cucumber/tag-expressions/2.0.4/tag-expressions-2.0.4.jar:/home/irvanmuhandis/.m2/repository/io/cucumber/cucumber-expressions/8.3.1/cucumber-expressions-8.3.1.jar:/home/irvanmuhandis/.m2/repository/io/cucumber/datatable/3.3.1/datatable-3.3.1.jar:/home/irvanmuhandis/.m2/repository/io/cucumber/cucumber-plugin/5.7.0/cucumber-plugin-5.7.0.jar:/home/irvanmuhandis/.m2/repository/io/cucumber/docstring/5.7.0/docstring-5.7.0.jar:/home/irvanmuhandis/.m2/repository/junit/junit/4.13/junit-4.13.jar:/home/irvanmuhandis/.m2/repository/org/hamcrest/hamcrest-core/1.3/hamcrest-core-1.3.jar:/home/irvanmuhandis/.m2/repository/io/cucumber/cucumber-java/5.7.0/cucumber-java-5.7.0.jar:/home/irvanmuhandis/.m2/repository/org/slf4j/slf4j-simple/1.7.30/slf4j-simple-1.7.30.jar:/home/irvanmuhandis/.m2/repository/org/slf4j/slf4j-api/1.7.30/slf4j-api-1.7.30.jar:"/>
    <property name="allure.results.directory" value="/media/irvanmuhandis/OsmousDisk/PERURI/Testing/qa-java/allure-cucumber5-junit4-maven/target/allure-results"/>
    <property name="sun.cpu.endian" value="little"/>
    <property name="user.home" value="/home/irvanmuhandis"/>
    <property name="user.language" value="en"/>
    <property name="java.specification.vendor" value="Oracle Corporation"/>
    <property name="java.version.date" value="2024-07-16"/>
    <property name="java.home" value="/usr/lib/jvm/java-17-openjdk-amd64"/>
    <property name="file.separator" value="/"/>
    <property name="basedir" value="/media/irvanmuhandis/OsmousDisk/PERURI/Testing/qa-java/allure-cucumber5-junit4-maven"/>
    <property name="java.vm.compressedOopsMode" value="Zero based"/>
    <property name="line.separator" value="&#10;"/>
    <property name="java.vm.specification.vendor" value="Oracle Corporation"/>
    <property name="java.specification.name" value="Java Platform API Specification"/>
    <property name="surefire.real.class.path" value="/media/irvanmuhandis/OsmousDisk/PERURI/Testing/qa-java/allure-cucumber5-junit4-maven/target/surefire/surefirebooter11082453653841223304.jar"/>
    <property name="sun.management.compiler" value="HotSpot 64-Bit Tiered Compilers"/>
    <property name="java.runtime.version" value="17.0.12+7-Debian-2deb12u1"/>
    <property name="user.name" value="irvanmuhandis"/>
    <property name="path.separator" value=":"/>
    <property name="os.version" value="6.1.0-25-amd64"/>
    <property name="java.runtime.name" value="OpenJDK Runtime Environment"/>
    <property name="file.encoding" value="UTF-8"/>
    <property name="java.vm.name" value="OpenJDK 64-Bit Server VM"/>
    <property name="localRepository" value="/home/irvanmuhandis/.m2/repository"/>
    <property name="java.vendor.url.bug" value="https://bugs.debian.org/openjdk-17"/>
    <property name="java.io.tmpdir" value="/tmp"/>
    <property name="java.version" value="17.0.12"/>
    <property name="user.dir" value="/media/irvanmuhandis/OsmousDisk/PERURI/Testing/qa-java/allure-cucumber5-junit4-maven"/>
    <property name="os.arch" value="amd64"/>
    <property name="java.vm.specification.name" value="Java Virtual Machine Specification"/>
    <property name="native.encoding" value="UTF-8"/>
    <property name="java.library.path" value="/usr/java/packages/lib:/usr/lib/x86_64-linux-gnu/jni:/lib/x86_64-linux-gnu:/usr/lib/x86_64-linux-gnu:/usr/lib/jni:/lib:/usr/lib"/>
    <property name="java.vm.info" value="mixed mode, sharing"/>
    <property name="java.vendor" value="Debian"/>
    <property name="java.vm.version" value="17.0.12+7-Debian-2deb12u1"/>
    <property name="sun.io.unicode.encoding" value="UnicodeLittle"/>
    <property name="java.class.version" value="61.0"/>
  </properties>
  <testcase name="Create new label via api" classname="Labels" time="0.233"/>
  <testcase name="Delete existing label via api" classname="Labels" time="0.017"/>
  <testcase name="Create new label for authorized user" classname="Labels" time="0.024"/>
  <testcase name="Add label to existing issue for authorized user" classname="Labels" time="1.015"/>
  <testcase name="Delete existing label for authorized user" classname="Labels" time="0.015">
    <error message="Element not found for xpath [//div[@class=&apos;something&apos;]]" type="java.lang.RuntimeException">java.lang.RuntimeException: Element not found for xpath [//div[@class='something']]
</error>
    <system-out><![CDATA[&amp#27;[31mF&amp#27;[0m&amp#27;[36m-&amp#27;[0m&amp#27;[36m-&amp#27;[0m&amp#27;[36m-&amp#27;[0m]]></system-out>
  </testcase>
  <testcase name="Create new milestone for authorized user" classname="Milestones" time="0.01"/>
  <testcase name="Close existing milestone for authorized user" classname="Milestones" time="0.014"/>
</testsuite>